1644137183695	geckodriver	INFO	Listening on 127.0.0.1:60307
1644137186768	mozrunner::runner	INFO	Running command: "C:\\Program Files\\Mozilla Firefox\\firefox.exe" "--marionette" "--remote-debugging-port" "60308" "-no-remote" "-profile" "C:\\Users\\LENOVO\\AppData\\Local\\Temp\\rust_mozprofileI6qdp1"
1644137187134	Marionette	INFO	Marionette enabled
console.warn: SearchSettings: "get: No settings file exists, new profile?" (new NotFoundError("Could not open the file at C:\\Users\\LENOVO\\AppData\\Local\\Temp\\rust_mozprofileI6qdp1\\search.json.mozlz4", (void 0)))
DevTools listening on ws://localhost:60308/devtools/browser/6e2916f9-f262-40b1-a2b3-cce41aee4e27
1644137189445	Marionette	INFO	Listening on port 60313
1644137189960	RemoteAgent	WARN	TLS certificate errors will be ignored for this session
1644137190817	Marionette	INFO	Stopped listening on port 60313

###!!! [Parent][RunMessage] Error: Channel closing: too late to send/recv, messages will be lost

1644137191994	geckodriver	INFO	Listening on 127.0.0.1:60344
1644137195069	mozrunner::runner	INFO	Running command: "C:\\Program Files\\Mozilla Firefox\\firefox.exe" "--marionette" "--remote-debugging-port" "60345" "-no-remote" "-profile" "C:\\Users\\LENOVO\\AppData\\Local\\Temp\\rust_mozprofileLquVe8"
1644137195341	Marionette	INFO	Marionette enabled
console.warn: SearchSettings: "get: No settings file exists, new profile?" (new NotFoundError("Could not open the file at C:\\Users\\LENOVO\\AppData\\Local\\Temp\\rust_mozprofileLquVe8\\search.json.mozlz4", (void 0)))
DevTools listening on ws://localhost:60345/devtools/browser/412f9871-361d-407e-bdca-80caf95bb85d
1644137197142	Marionette	INFO	Listening on port 60350
1644137197211	RemoteAgent	WARN	TLS certificate errors will be ignored for this session
console.warn: LoginRecipes: "getRecipes: falling back to a synchronous message for:" "https://admin-demo.nopcommerce.com"
console.warn: LoginRecipes: "getRecipes: falling back to a synchronous message for:" "https://admin-demo.nopcommerce.com"
JavaScript error: resource://gre/modules/LoginManagerParent.jsm, line 136: TypeError: gRecipeManager is null
1644137205635	Marionette	INFO	Stopped listening on port 60350

###!!! [Parent][RunMessage] Error: Channel closing: too late to send/recv, messages will be lost

1644137772293	geckodriver	INFO	Listening on 127.0.0.1:60557
1644137775331	mozrunner::runner	INFO	Running command: "C:\\Program Files\\Mozilla Firefox\\firefox.exe" "--marionette" "--remote-debugging-port" "60558" "-no-remote" "-profile" "C:\\Users\\LENOVO\\AppData\\Local\\Temp\\rust_mozprofileIWnRoS"
1644137775601	Marionette	INFO	Marionette enabled
console.warn: SearchSettings: "get: No settings file exists, new profile?" (new NotFoundError("Could not open the file at C:\\Users\\LENOVO\\AppData\\Local\\Temp\\rust_mozprofileIWnRoS\\search.json.mozlz4", (void 0)))
DevTools listening on ws://localhost:60558/devtools/browser/4b3fd050-f052-4202-8fdb-a24a4dba9dc3
1644137777415	Marionette	INFO	Listening on port 60563
1644137777476	RemoteAgent	WARN	TLS certificate errors will be ignored for this session
1644137779024	Marionette	INFO	Stopped listening on port 60563

###!!! [Parent][RunMessage] Error: Channel closing: too late to send/recv, messages will be lost

1644137779887	geckodriver	INFO	Listening on 127.0.0.1:60593
1644137782944	mozrunner::runner	INFO	Running command: "C:\\Program Files\\Mozilla Firefox\\firefox.exe" "--marionette" "--remote-debugging-port" "60594" "-no-remote" "-profile" "C:\\Users\\LENOVO\\AppData\\Local\\Temp\\rust_mozprofile0Mmcj9"
1644137783245	Marionette	INFO	Marionette enabled
console.warn: SearchSettings: "get: No settings file exists, new profile?" (new NotFoundError("Could not open the file at C:\\Users\\LENOVO\\AppData\\Local\\Temp\\rust_mozprofile0Mmcj9\\search.json.mozlz4", (void 0)))
DevTools listening on ws://localhost:60594/devtools/browser/ef865dfc-8274-4aa4-ae71-f105c42e334a
1644137784854	Marionette	INFO	Listening on port 60600
1644137785006	RemoteAgent	WARN	TLS certificate errors will be ignored for this session
console.warn: LoginRecipes: "getRecipes: falling back to a synchronous message for:" "https://admin-demo.nopcommerce.com"
console.warn: LoginRecipes: "getRecipes: falling back to a synchronous message for:" "https://admin-demo.nopcommerce.com"
JavaScript error: resource://gre/modules/LoginManagerParent.jsm, line 136: TypeError: gRecipeManager is null
1644137791134	Marionette	INFO	Stopped listening on port 60600

###!!! [Parent][RunMessage] Error: Channel closing: too late to send/recv, messages will be lost

1644137823528	geckodriver	INFO	Listening on 127.0.0.1:60639
1644137826554	mozrunner::runner	INFO	Running command: "C:\\Program Files\\Mozilla Firefox\\firefox.exe" "--marionette" "--remote-debugging-port" "60640" "-no-remote" "-profile" "C:\\Users\\LENOVO\\AppData\\Local\\Temp\\rust_mozprofile3yEqW2"
1644137826825	Marionette	INFO	Marionette enabled
console.warn: SearchSettings: "get: No settings file exists, new profile?" (new NotFoundError("Could not open the file at C:\\Users\\LENOVO\\AppData\\Local\\Temp\\rust_mozprofile3yEqW2\\search.json.mozlz4", (void 0)))
DevTools listening on ws://localhost:60640/devtools/browser/18df73d8-ef37-4f7b-ade2-5c540a71b83d
1644137828476	Marionette	INFO	Listening on port 60645
1644137828609	RemoteAgent	WARN	TLS certificate errors will be ignored for this session
1644137829975	Marionette	INFO	Stopped listening on port 60645

###!!! [Parent][RunMessage] Error: Channel closing: too late to send/recv, messages will be lost

1644137830928	geckodriver	INFO	Listening on 127.0.0.1:60674
1644137833976	mozrunner::runner	INFO	Running command: "C:\\Program Files\\Mozilla Firefox\\firefox.exe" "--marionette" "--remote-debugging-port" "60675" "-no-remote" "-profile" "C:\\Users\\LENOVO\\AppData\\Local\\Temp\\rust_mozprofileKKz54t"
1644137834246	Marionette	INFO	Marionette enabled
console.warn: SearchSettings: "get: No settings file exists, new profile?" (new NotFoundError("Could not open the file at C:\\Users\\LENOVO\\AppData\\Local\\Temp\\rust_mozprofileKKz54t\\search.json.mozlz4", (void 0)))
DevTools listening on ws://localhost:60675/devtools/browser/4f7cf663-6e8a-4a33-9920-3abcb1d8b94a
1644137836006	Marionette	INFO	Listening on port 60681
1644137836027	RemoteAgent	WARN	TLS certificate errors will be ignored for this session
console.warn: LoginRecipes: "getRecipes: falling back to a synchronous message for:" "https://admin-demo.nopcommerce.com"
console.warn: LoginRecipes: "getRecipes: falling back to a synchronous message for:" "https://admin-demo.nopcommerce.com"
JavaScript error: resource://gre/modules/LoginManagerParent.jsm, line 136: TypeError: gRecipeManager is null
1644137842342	Marionette	INFO	Stopped listening on port 60681
JavaScript error: https://admin-demo.nopcommerce.com/lib_npm/jquery/jquery.min.js?v=meexYto0mAKr6PjyeE37ROc-We8, line 2: NS_ERROR_NOT_INITIALIZED: 

###!!! [Parent][RunMessage] Error: Channel closing: too late to send/recv, messages will be lost

1644138145725	geckodriver	INFO	Listening on 127.0.0.1:60831
1644138148796	mozrunner::runner	INFO	Running command: "C:\\Program Files\\Mozilla Firefox\\firefox.exe" "--marionette" "--remote-debugging-port" "60834" "-no-remote" "-profile" "C:\\Users\\LENOVO\\AppData\\Local\\Temp\\rust_mozprofile9o7nXW"
1644138149096	Marionette	INFO	Marionette enabled
console.warn: SearchSettings: "get: No settings file exists, new profile?" (new NotFoundError("Could not open the file at C:\\Users\\LENOVO\\AppData\\Local\\Temp\\rust_mozprofileFk2RT0\\search.json.mozlz4", (void 0)))
DevTools listening on ws://localhost:60832/devtools/browser/a7b7d7f0-a488-4854-9359-baaacda9b8c4
1644138151435	Marionette	INFO	Listening on port 60842
1644138151944	RemoteAgent	WARN	TLS certificate errors will be ignored for this session
1644138152936	Marionette	INFO	Stopped listening on port 60845

###!!! [Parent][RunMessage] Error: Channel closing: too late to send/recv, messages will be lost

alling back to a synchronous message for:" "https://admin-demo.nopcommerce.com"
JavaScript error: resource://gre/modules/LoginManagerParent.jsm, line 136: TypeError: gRecipeManager is null
1644138155609	Marionette	INFO	Stopped listening on port 60842
JavaScript error: https://admin-demo.nopcommerce.com/lib_npm/jquery/jquery.min.js?v=meexYto0mAKr6PjyeE37ROc-We8, line 2: NS_ERROR_NOT_INITIALIZED: 

###!!! [Parent][RunMessage] Error: Channel closing: too late to send/recv, messages will be lost

1644164535844	geckodriver	INFO	Listening on 127.0.0.1:49725
1644164538919	mozrunner::runner	INFO	Running command: "C:\\Program Files\\Mozilla Firefox\\firefox.exe" "--marionette" "--remote-debugging-port" "49726" "-no-remote" "-profile" "C:\\Users\\LENOVO\\AppData\\Local\\Temp\\rust_mozprofileFSnCWn"
1644164539287	Marionette	INFO	Marionette enabled
console.warn: SearchSettings: "get: No settings file exists, new profile?" (new NotFoundError("Could not open the file at C:\\Users\\LENOVO\\AppData\\Local\\Temp\\rust_mozprofile0YOWCC\\search.json.mozlz4", (void 0)))
DevTools listening on ws://localhost:49726/devtools/browser/f31a5b6a-1f86-43f9-bbc4-28ba4e3f73ea
1644164541626	Marionette	INFO	Listening on port 49737
1644164542103	RemoteAgent	WARN	TLS certificate errors will be ignored for this session
console.warn: LoginRecipes: "getRecipes: falling back to a sync
###!!! [Parent][RunMessage] Error: Channel closing: too late to send/recv, messages will be lost

alling back to a synchronous message for:" "https://admin-demo.nopcommerce.com"
JavaScript error: resource://gre/modules/LoginManagerParent.jsm, line 136: TypeError: gRecipeManager is null
1644164547394	Marionette	INFO	Stopped listening on port 49736
JavaScript error: https://admin-demo.nopcommerce.com/lib_npm/jquery/jquery.min.js?v=meexYto0mAKr6PjyeE37ROc-We8, line 2: NS_ERROR_NOT_INITIALIZED: 

###!!! [Parent][RunMessage] Error: Channel closing: too late to send/recv, messages will be lost

1644167114956	geckodriver	INFO	Listening on 127.0.0.1:50111
1644167117981	mozrunner::runner	INFO	Running command: "C:\\Program Files\\Mozilla Firefox\\firefox.exe" "--marionette" "--remote-debugging-port" "50112" "-no-remote" "-profile" "C:\\Users\\LENOVO\\AppData\\Local\\Temp\\rust_mozprofilejnTLaE"
1644167118319	Marionette	INFO	Marionette enabled
console.warn: SearchSettings: "get: No settings file exists, new profile?" (new NotFoundError("Could not open the file at C:\\Users\\LENOVO\\AppData\\Local\\Temp\\rust_mozprofilejnTLaE\\search.json.mozlz4", (void 0)))
DevTools listening on ws://localhost:50112/devtools/browser/b62f1885-d8e4-42c4-892f-55f45a85d204
1644167120294	Marionette	INFO	Listening on port 50117
1644167120646	RemoteAgent	WARN	TLS certificate errors will be ignored for this session
console.warn: LoginRecipes: "getRecipes: falling back to a synchronous message for:" "https://admin-demo.nopcommerce.com"
console.warn: LoginRecipes: "getRecipes: falling back to a synchronous message for:" "https://admin-demo.nopcommerce.com"
JavaScript error: resource://gre/modules/LoginManagerParent.jsm, line 136: TypeError: gRecipeManager is null
1644167154376	Marionette	INFO	Stopped listening on port 50117
console.warn: TopSitesFeed: Failed to fetch data from Contile server: NetworkError when attempting to fetch resource.

###!!! [Parent][RunMessage] Error: Channel closing: too late to send/recv, messages will be lost

1644167291166	geckodriver	INFO	Listening on 127.0.0.1:50189
1644167294202	mozrunner::runner	INFO	Running command: "C:\\Program Files\\Mozilla Firefox\\firefox.exe" "--marionette" "--remote-debugging-port" "50190" "-no-remote" "-profile" "C:\\Users\\LENOVO\\AppData\\Local\\Temp\\rust_mozprofileQXqaUE"
1644167294466	Marionette	INFO	Marionette enabled
console.warn: SearchSettings: "get: No settings file exists, new profile?" (new NotFoundError("Could not open the file at C:\\Users\\LENOVO\\AppData\\Local\\Temp\\rust_mozprofileQXqaUE\\search.json.mozlz4", (void 0)))
DevTools listening on ws://localhost:50190/devtools/browser/f7bee91b-df0f-44e3-913f-b00eb839711b
1644167296083	Marionette	INFO	Listening on port 50195
1644167296268	RemoteAgent	WARN	TLS certificate errors will be ignored for this session
console.warn: LoginRecipes: "getRecipes: falling back to a synchronous message for:" "https://admin-demo.nopcommerce.com"
console.warn: LoginRecipes: "getRecipes: falling back to a synchronous message for:" "https://admin-demo.nopcommerce.com"
JavaScript error: resource://gre/modules/LoginManagerParent.jsm, line 136: TypeError: gRecipeManager is null
1644167314144	Marionette	INFO	Stopped listening on port 50195
console.warn: TopSitesFeed: Failed to fetch data from Contile server: NetworkError when attempting to fetch resource.

###!!! [Parent][RunMessage] Error: Channel closing: too late to send/recv, messages will be lost

1644167426507	geckodriver	INFO	Listening on 127.0.0.1:50260
1644167429546	mozrunner::runner	INFO	Running command: "C:\\P1644167429726	mozrunner::runner	INFO	Running command: "C:\\Program Files\\Mozilla Firefox\\firefox.exe" "--marionette" "--remote-debugging-port" "50264" "-no-remote" "-profile" "C:\\1644167429857	Marionette	INFO	Marionette enabled
console.warn: SearchSettings: "get: No settings file exists,console.warn: SearchSettings: "get: No settings file exists, new profile?" (new NotFoundError("Could not open the file at C:\\Users\\LENOVO\\AppData\\Local\\TeDevTools listening on ws://localhost:50261/devtools/browser/DevTools listening on ws://localhost:50264/devtools/browser/a57e4696-99d7-457a-8b93-228ee14e4f51
1644167432339	Marionette	INFO	Listening on port 50276
1644167432410	RemoteAgent	WAconsole.warn: LoginRecipes: "getRecipes: falling back to a synchronous message for:" "https://admin-demo.nopcommerce.com"

###!!! [Parent][RunMessage] Error: Channel closing: too late to send/recv, messages will be lost

mo.nopcommerce.com"
JavaScript error: resource://gre/modules/LoginManagerParent.jsm, line 136: TypeError: gRecipeManager is null
1644167436425	Marionette	INFO	Stopped listening on port 50271
JavaScript error: https://admin-demo.nopcommerce.com/lib_npm/jquery/jquery.min.js?v=meexYto0mAKr6PjyeE37ROc-We8, line 2: NS_ERROR_NOT_INITIALIZED: 

###!!! [Child][RunMessage] Error: Channel closing: too late to send/recv, messages will be lost


###!!! [Child][RunMessage] Error: Channel closing: too late to send/recv, messages will be lost


###!!! [Child][RunMessage] Error: Channel closing: too late to send/recv, messages will be lost


###!!! [Child][RunMessage] Error: Channel closing: too late to send/recv, messages will be lost


###!!! [Parent][RunMessage] Error: Channel closing: too late to send/recv, messages will be lost

1644167504013	geckodriver	INFO	Listening on 127.0.0.1:50361
1644167507063	mozrunner::runner	INFO	Running command: "C:\\Program Files\\Mozilla Firefox\\firefox.exe" "--marionette" "--remote-debugging-port" "50362" "-no-remote" "-profile" "C:\\Users\\LENOVO\\AppData\\Local\\Temp\\rust_mozprofile0JVF7P"
1644167507366	Marionette	INFO	Marionette enabled
console.warn: SearchSettings: "get: No settings file exists, new profile?" (new NotFoundError("Could not open the file at C:\\Users\\LENOVO\\AppData\\Local\\Temp\\rust_mozprofile0JVF7P\\search.json.mozlz4", (void 0)))
DevTools listening on ws://localhost:50362/devtools/browser/80b894ee-682e-41d9-8fbc-caf11a1fd32e
1644167509150	Marionette	INFO	Listening on port 50368
1644167509220	RemoteAgent	WARN	TLS certificate errors will be ignored for this session
console.error: Region.jsm: "Error fetching region" (new Error("TIMEOUT", "resource://gre/modules/Region.jsm", 772))
console.error: Region.jsm: "Failed to fetch region" (new Error("TIMEOUT", "resource://gre/modules/Region.jsm", 419))
console.warn: LoginRecipes: "getRecipes: falling back to a synchronous message for:" "https://admin-demo.nopcommerce.com"
console.warn: LoginRecipes: "getRecipes: falling back to a synchronous message for:" "https://admin-demo.nopcommerce.com"
JavaScript error: resource://gre/modules/LoginManagerParent.jsm, line 136: TypeError: gRecipeManager is null
1644167526691	Marionette	INFO	Stopped listening on port 50368
console.warn: TopSitesFeed: Failed to fetch data from Contile server: NetworkError when attempting to fetch resource.

###!!! [Parent][RunMessage] Error: Channel closing: too late to send/recv, messages will be lost

1644223342104	geckodriver	INFO	Listening on 127.0.0.1:61489
1644223345142	mozrunner::runner	INFO	Running command: "C:\\Program Files\\Mozilla Firefox\\firefox.exe" "--marionette" "--remote-debugging-port" "61490" "-no-remote" "-profile" "C:\\Users\\LENOVO\\AppData\\Local\\Temp\\rust_mozprofileIK0Q24"
1644223345471	Marionette	INFO	Marionette enabled
console.warn: SearchSettings: "get: No settings file exists, new profile?" (new NotFoundError("Could not open the file at C:\\Users\\LENOVO\\AppData\\Local\\Temp\\rust_mozprofileIK0Q24\\search.json.mozlz4", (void 0)))
DevTools listening on ws://localhost:61490/devtools/browser/48666ee5-f967-485b-b1ee-0ccbabe62181
1644223347581	Marionette	INFO	Listening on port 61495
1644223347821	RemoteAgent	WARN	TLS certificate errors will be ignored for this session
console.warn: LoginRecipes: "getRecipes: falling back to a synchronous message for:" "https://admin-demo.nopcommerce.com"
console.warn: LoginRecipes: "getRecipes: falling back to a synchronous message for:" "https://admin-demo.nopcommerce.com"
JavaScript error: resource://gre/modules/LoginManagerParent.jsm, line 136: TypeError: gRecipeManager is null
1644223364330	Marionette	INFO	Stopped listening on port 61495
console.warn: TopSitesFeed: Failed to fetch data from Contile server: NetworkError when attempting to fetch resource.
1644223623179	geckodriver	INFO	Listening on 127.0.0.1:61595
1644223626241	mozrunner::runner	INFO	Running command: "C:\\Program Files\\Mozilla Firefox\\firefox.exe" "--marionette" "--remote-debugging-port" "61596" "-no-remote" "-profile" "C:\\Users\\LENOVO\\AppData\\Local\\Temp\\rust_mozprofileKhC3in"
1644223626519	Marionette	INFO	Marionette enabled
console.warn: SearchSettings: "get: No settings file exists, new profile?" (new NotFoundError("Could not open the file at C:\\Users\\LENOVO\\AppData\\Local\\Temp\\rust_mozprofileKhC3in\\search.json.mozlz4", (void 0)))
DevTools listening on ws://localhost:61596/devtools/browser/432ef659-d743-4a3b-bddc-822db765c42a
1644223628312	Marionette	INFO	Listening on port 61601
1644223628401	RemoteAgent	WARN	TLS certificate errors will be ignored for this session
console.warn: LoginRecipes: "getRecipes: falling back to a synchronous message for:" "https://admin-demo.nopcommerce.com"
console.warn: LoginRecipes: "getRecipes: falling back to a synchronous message for:" "https://admin-demo.nopcommerce.com"
JavaScript error: resource://gre/modules/LoginManagerParent.jsm, line 136: TypeError: gRecipeManager is null
1644223650085	Marionette	INFO	Stopped listening on port 61601
console.warn: TopSitesFeed: Failed to fetch data from Contile server: NetworkError when attempting to fetch resource.

###!!! [Parent][RunMessage] Error: Channel closing: too late to send/recv, messages will be lost

1644223718122	geckodriver	INFO	Listening on 127.0.0.1:61652
1644223721163	mozrunner::runner	INFO	Running command: "C:\\Program Files\\Mozilla Firefox\\firefox.exe" "--marionette" "--remote-debugging-port" "61653" "-no-remote" "-profile" "C:\\Users\\LENOVO\\AppData\\Local\\Temp\\rust_mozprofileEervBb"
1644223721566	Marionette	INFO	Marionette enabled
console.warn: SearchSettings: "get: No settings file exists, new profile?" (new NotFoundError("Could not open the file at C:\\Users\\LENOVO\\AppData\\Local\\Temp\\rust_mozprofileEervBb\\search.json.mozlz4", (void 0)))
DevTools listening on ws://localhost:61653/devtools/browser/7d13ed1b-50c4-4511-b1b7-9072adaf3255
1644223723442	Marionette	INFO	Listening on port 61658
1644223723822	RemoteAgent	WARN	TLS certificate errors will be ignored for this session
console.warn: LoginRecipes: "getRecipes: falling back to a synchronous message for:" "https://admin-demo.nopcommerce.com"
console.warn: LoginRecipes: "getRecipes: falling back to a synchronous message for:" "https://admin-demo.nopcommerce.com"
JavaScript error: resource://gre/modules/LoginManagerParent.jsm, line 136: TypeError: gRecipeManager is null
1644223736687	Marionette	INFO	Stopped listening on port 61658
console.warn: TopSitesFeed: Failed to fetch data from Contile server: NetworkError when attempting to fetch resource.

###!!! [Parent][RunMessage] Error: Channel closing: too late to send/recv, messages will be lost

